<?xml version="1.0" encoding="UTF-8"?>
<!-- Generated by org.testng.reporters.JUnitReportReporter -->
<testsuite hostname="DIN66007683" name="com.cg.testcases.Demo" tests="1" failures="0" timestamp="11 Sep 2019 14:06:01 GMT" time="29.488" errors="0">
  <testcase name="compareProductTest" time="29.488" classname="com.cg.testcases.Demo"/>
</testsuite> <!-- com.cg.testcases.Demo -->
